The system is: Windows - 10.0.22631 - AMD64
Compiling the C compiler identification source file "CMakeCCompilerId.c" succeeded.
Compiler: C:/Program Files/Microsoft Visual Studio/2022/Community/VC/Tools/MSVC/14.35.32215/bin/Hostx64/x64/cl.exe 
Build flags: 
Id flags:  

The output was:
0
Microsoft (R) C/C++ Optimizing Compiler Version 19.35.32217.1 for x64
Copyright (C) Microsoft Corporation.  All rights reserved.

CMakeCCompilerId.c
Microsoft (R) Incremental Linker Version 14.35.32217.1
Copyright (C) Microsoft Corporation.  All rights reserved.

/out:CMakeCCompilerId.exe 
CMakeCCompilerId.obj 


Compilation of the C compiler identification source "CMakeCCompilerId.c" produced "CMakeCCompilerId.exe"

Compilation of the C compiler identification source "CMakeCCompilerId.c" produced "CMakeCCompilerId.obj"

The C compiler identification is MSVC, found in "C:/dev/04.homework-345726-76bb84/out/build/x64-Debug/CMakeFiles/3.25.1-msvc1/CompilerIdC/CMakeCCompilerId.exe"

Compiling the CXX compiler identification source file "CMakeCXXCompilerId.cpp" succeeded.
Compiler: C:/Program Files/Microsoft Visual Studio/2022/Community/VC/Tools/MSVC/14.35.32215/bin/Hostx64/x64/cl.exe 
Build flags: 
Id flags:  

The output was:
0
Microsoft (R) C/C++ Optimizing Compiler Version 19.35.32217.1 for x64
Copyright (C) Microsoft Corporation.  All rights reserved.

CMakeCXXCompilerId.cpp
Microsoft (R) Incremental Linker Version 14.35.32217.1
Copyright (C) Microsoft Corporation.  All rights reserved.

/out:CMakeCXXCompilerId.exe 
CMakeCXXCompilerId.obj 


Compilation of the CXX compiler identification source "CMakeCXXCompilerId.cpp" produced "CMakeCXXCompilerId.exe"

Compilation of the CXX compiler identification source "CMakeCXXCompilerId.cpp" produced "CMakeCXXCompilerId.obj"

The CXX compiler identification is MSVC, found in "C:/dev/04.homework-345726-76bb84/out/build/x64-Debug/CMakeFiles/3.25.1-msvc1/CompilerIdCXX/CMakeCXXCompilerId.exe"

Detecting C compiler ABI info compiled with the following output:
Change Dir: C:/dev/04.homework-345726-76bb84/out/build/x64-Debug/CMakeFiles/CMakeScratch/TryCompile-te4rq6

Run Build Command(s):C:/Program Files/Microsoft Visual Studio/2022/Community/Common7/IDE/CommonExtensions/Microsoft/CMake/Ninja/ninja.exe cmTC_475be && [1/2] Building C object CMakeFiles\cmTC_475be.dir\CMakeCCompilerABI.c.obj
[2/2] Linking C executable cmTC_475be.exe



Detecting CXX compiler ABI info compiled with the following output:
Change Dir: C:/dev/04.homework-345726-76bb84/out/build/x64-Debug/CMakeFiles/CMakeScratch/TryCompile-6e81b3

Run Build Command(s):C:/Program Files/Microsoft Visual Studio/2022/Community/Common7/IDE/CommonExtensions/Microsoft/CMake/Ninja/ninja.exe cmTC_44db4 && [1/2] Building CXX object CMakeFiles\cmTC_44db4.dir\CMakeCXXCompilerABI.cpp.obj
[2/2] Linking CXX executable cmTC_44db4.exe



Determining if the include file sys/types.h exists passed with the following output:
Change Dir: C:/dev/04.homework-345726-76bb84/out/build/x64-Debug/CMakeFiles/CMakeScratch/TryCompile-59yixt

Run Build Command(s):C:/Program Files/Microsoft Visual Studio/2022/Community/Common7/IDE/CommonExtensions/Microsoft/CMake/Ninja/ninja.exe cmTC_ebcb0 && [1/2] Building C object CMakeFiles\cmTC_ebcb0.dir\CheckIncludeFile.c.obj
[2/2] Linking C executable cmTC_ebcb0.exe



Determining if the include file stdint.h exists passed with the following output:
Change Dir: C:/dev/04.homework-345726-76bb84/out/build/x64-Debug/CMakeFiles/CMakeScratch/TryCompile-79fmeh

Run Build Command(s):C:/Program Files/Microsoft Visual Studio/2022/Community/Common7/IDE/CommonExtensions/Microsoft/CMake/Ninja/ninja.exe cmTC_73f08 && [1/2] Building C object CMakeFiles\cmTC_73f08.dir\CheckIncludeFile.c.obj
[2/2] Linking C executable cmTC_73f08.exe



Determining if the include file stddef.h exists passed with the following output:
Change Dir: C:/dev/04.homework-345726-76bb84/out/build/x64-Debug/CMakeFiles/CMakeScratch/TryCompile-mk0uwz

Run Build Command(s):C:/Program Files/Microsoft Visual Studio/2022/Community/Common7/IDE/CommonExtensions/Microsoft/CMake/Ninja/ninja.exe cmTC_ac5ab && [1/2] Building C object CMakeFiles\cmTC_ac5ab.dir\CheckIncludeFile.c.obj
[2/2] Linking C executable cmTC_ac5ab.exe



Determining size of void* passed with the following output:
Change Dir: C:/dev/04.homework-345726-76bb84/out/build/x64-Debug/CMakeFiles/CMakeScratch/TryCompile-up1165

Run Build Command(s):C:/Program Files/Microsoft Visual Studio/2022/Community/Common7/IDE/CommonExtensions/Microsoft/CMake/Ninja/ninja.exe cmTC_b2044 && [1/2] Building C object CMakeFiles\cmTC_b2044.dir\SIZEOF_VOID_PTR.c.obj
[2/2] Linking C executable cmTC_b2044.exe



